-- Catapult University Version: Report                                              
-- ---------------------------- ---------------------------------------------------
-- Version:                     2011a.126 Production Release                        
-- Build Date:                  Wed Aug  8 00:52:07 PDT 2012                        
                                                                                    
-- Generated by:                mg3115@EEWS104A-015                                 
-- Generated date:              Tue Mar 01 14:54:51 +0000 2016                      

Solution Settings: dot_product.v9
  Current state: extract
  Project: dot_product
  
  Design Input Files Specified
    $PROJECT_HOME/../student_files_2015/student_files_2015/prj1/dot_product_source/dot_product.cpp
      $PROJECT_HOME/../student_files_2015/student_files_2015/prj1/dot_product_source/dot_product.h
        $MGC_HOME/shared/include/ac_int.h
    $PROJECT_HOME/../student_files_2015/student_files_2015/prj1/dot_product_source/dot_product.h
      $MGC_HOME/shared/include/ac_int.h
    $PROJECT_HOME/../student_files_2015/student_files_2015/prj1/dot_product_source/tb_dot_product.cpp
      $PROJECT_HOME/../student_files_2015/student_files_2015/prj1/dot_product_source/dot_product.h
        $MGC_HOME/shared/include/ac_int.h
      $MGC_HOME/shared/include/mc_scverify.h
  
  Processes/Blocks in Design
    Process           Real Operation(s) count Latency Throughput Reset Length II Comments 
    ----------------- ----------------------- ------- ---------- ------------ -- --------
    /dot_product/core                      20       5          6            0  0          
    Design Total:                          20       5          6            0  0          
    
  Bill Of Materials (Datapath)
    Component Name                          Area Score Area(DSP_block_9-bit_elems) Area(LUTs) Delay Post Alloc Post Assign 
    --------------------------------------- ---------- --------------------------- ---------- ----- ---------- -----------
    [Lib: mgc_Altera-Cyclone-III-6_beh_psr]                                                                                
    mgc_add(8,0,8,0,8)                           9.259                       0.000      9.259 1.163          4           2 
    mgc_mul(8,0,8,0,8)                         330.250                       2.000     10.250 2.659          1           1 
    mgc_mux(8,1,2)                               7.355                       0.000      7.355 0.369          0           3 
    mgc_reg_pos(8,1,0,0,0,1,1)                   0.000                       0.000      0.000 0.000          0           4 
    [Lib: mgc_ioport]                                                                                                      
    mgc_in_wire(1,8)                             0.000                       0.000      0.000 0.000          1           1 
    mgc_in_wire(2,8)                             0.000                       0.000      0.000 0.000          1           1 
    mgc_out_stdreg(3,8)                          0.000                       0.000      0.000 0.000          1           1 
                                                                                                                           
    TOTAL AREA (After Assignment):             370.833                       2.000     51.000                              
    
  Area Scores
                      Post-Scheduling  Post-DP & FSM Post-Assignment 
    ----------------- --------------- -------------- ---------------
    Total Area Score:    367.3          382.0           370.8        
    Total Reg:             0.0            0.0             0.0        
                                                                     
    DataPath:            367.3 (100%)   382.0 (100%)    370.8 (100%) 
      MUX:                 0.0           14.7   (4%)     22.1   (6%) 
      FUNC:              367.3 (100%)   367.3  (96%)    348.8  (94%) 
      LOGIC:               0.0            0.0             0.0        
      BUFFER:              0.0            0.0             0.0        
      MEM:                 0.0            0.0             0.0        
      ROM:                 0.0            0.0             0.0        
      REG:                 0.0            0.0             0.0        
                                                                     
    
    FSM:                   0.0            0.0             0.0   (0%) 
      FSM-REG:             0.0            0.0             0.0        
      FSM-COMB:            0.0            0.0             0.0 (100%) 
                                                                     
    
  Register-to-Variable Mappings
    Register                    Size(bits) Gated Register CG Opt Done Variables                                             
    --------------------------- ---------- -------------- ----------- -----------------------------------------------------
    MAC-4:mul.itm                        8         Y                  MAC-4:mul.itm                                         
    MAC:acc#6.itm                        8         Y                  MAC:acc#6.itm                                         
    MAC:acc.itm                          8         Y                  MAC:acc.itm                                           
    output:rsc:mgc_out_stdreg.d          8         Y                  output:rsc:mgc_out_stdreg.d                           
                                                                                                                            
    Total:                              32             32           0 (Total Gating Ratio: 1.00, CG Opt Gating Ratio: 0.00) 
    
  Timing Report
    Critical Path
      Max Delay:  5.3544220000000005
      Slack:      14.645578
      
      Path                                                                       Startpoint                                 Endpoint                                          Delay  Slack   
      -------------------------------------------------------------------------- ------------------------------------------ ------------------------------------------------- ------ -------
      1                                                                          dot_product:core/input_a:rsc:mgc_in_wire.d dot_product:core/reg(output:rsc:mgc_out_stdreg.d) 5.3544 14.6456 
                                                                                                                                                                                             
        Instance                                                                 Component                                                                                    Delta  Delay   
        --------                                                                 ---------                                                                                    -----  -----   
        dot_product:core/input_a:rsc:mgc_in_wire.d                                                                                                                            0.0000 0.0000  
        dot_product:core/MAC-4:mul                                               mgc_mul_8_0_8_0_8                                                                            2.6592 2.6592  
        dot_product:core/MAC-4:mul.itm#1                                                                                                                                      0.0000 2.6592  
        dot_product:core/MAC:mgc_Altera-Cyclone-III-6_beh_psr.mgc_add(8,0,8,0,8) mgc_add_8_0_8_0_8                                                                            1.1631 3.8223  
        dot_product:core/z.out                                                                                                                                                0.0000 3.8223  
        dot_product:core/MAC-5:acc#3                                             mgc_add_8_0_8_0_8                                                                            1.1631 4.9855  
        dot_product:core/MAC-5:acc#3.itm                                                                                                                                      0.0000 4.9855  
        dot_product:core/mux                                                     mgc_mux_8_1_2                                                                                0.3690 5.3544  
        dot_product:core/mux.itm                                                                                                                                              0.0000 5.3544  
        dot_product:core/reg(output:rsc:mgc_out_stdreg.d)                        mgc_reg_pos_8_1_0_0_0_1_1                                                                    0.0000 5.3544  
                                                                                                                                                                                             
      2                                                                          dot_product:core/input_b:rsc:mgc_in_wire.d dot_product:core/reg(output:rsc:mgc_out_stdreg.d) 5.3544 14.6456 
                                                                                                                                                                                             
        Instance                                                                 Component                                                                                    Delta  Delay   
        --------                                                                 ---------                                                                                    -----  -----   
        dot_product:core/input_b:rsc:mgc_in_wire.d                                                                                                                            0.0000 0.0000  
        dot_product:core/MAC-4:mul                                               mgc_mul_8_0_8_0_8                                                                            2.6592 2.6592  
        dot_product:core/MAC-4:mul.itm#1                                                                                                                                      0.0000 2.6592  
        dot_product:core/MAC:mgc_Altera-Cyclone-III-6_beh_psr.mgc_add(8,0,8,0,8) mgc_add_8_0_8_0_8                                                                            1.1631 3.8223  
        dot_product:core/z.out                                                                                                                                                0.0000 3.8223  
        dot_product:core/MAC-5:acc#3                                             mgc_add_8_0_8_0_8                                                                            1.1631 4.9855  
        dot_product:core/MAC-5:acc#3.itm                                                                                                                                      0.0000 4.9855  
        dot_product:core/mux                                                     mgc_mux_8_1_2                                                                                0.3690 5.3544  
        dot_product:core/mux.itm                                                                                                                                              0.0000 5.3544  
        dot_product:core/reg(output:rsc:mgc_out_stdreg.d)                        mgc_reg_pos_8_1_0_0_0_1_1                                                                    0.0000 5.3544  
                                                                                                                                                                                             
      3                                                                          dot_product:core/input_a:rsc:mgc_in_wire.d dot_product:core/reg(MAC:acc.itm)                 4.1913 15.8087 
                                                                                                                                                                                             
        Instance                                                                 Component                                                                                    Delta  Delay   
        --------                                                                 ---------                                                                                    -----  -----   
        dot_product:core/input_a:rsc:mgc_in_wire.d                                                                                                                            0.0000 0.0000  
        dot_product:core/MAC-4:mul                                               mgc_mul_8_0_8_0_8                                                                            2.6592 2.6592  
        dot_product:core/MAC-4:mul.itm#1                                                                                                                                      0.0000 2.6592  
        dot_product:core/MAC:mgc_Altera-Cyclone-III-6_beh_psr.mgc_add(8,0,8,0,8) mgc_add_8_0_8_0_8                                                                            1.1631 3.8223  
        dot_product:core/z.out                                                                                                                                                0.0000 3.8223  
        dot_product:core/mux#1                                                   mgc_mux_8_1_2                                                                                0.3690 4.1913  
        dot_product:core/mux#1.itm                                                                                                                                            0.0000 4.1913  
        dot_product:core/reg(MAC:acc.itm)                                        mgc_reg_pos_8_1_0_0_0_1_1                                                                    0.0000 4.1913  
                                                                                                                                                                                             
      4                                                                          dot_product:core/input_b:rsc:mgc_in_wire.d dot_product:core/reg(MAC:acc.itm)                 4.1913 15.8087 
                                                                                                                                                                                             
        Instance                                                                 Component                                                                                    Delta  Delay   
        --------                                                                 ---------                                                                                    -----  -----   
        dot_product:core/input_b:rsc:mgc_in_wire.d                                                                                                                            0.0000 0.0000  
        dot_product:core/MAC-4:mul                                               mgc_mul_8_0_8_0_8                                                                            2.6592 2.6592  
        dot_product:core/MAC-4:mul.itm#1                                                                                                                                      0.0000 2.6592  
        dot_product:core/MAC:mgc_Altera-Cyclone-III-6_beh_psr.mgc_add(8,0,8,0,8) mgc_add_8_0_8_0_8                                                                            1.1631 3.8223  
        dot_product:core/z.out                                                                                                                                                0.0000 3.8223  
        dot_product:core/mux#1                                                   mgc_mux_8_1_2                                                                                0.3690 4.1913  
        dot_product:core/mux#1.itm                                                                                                                                            0.0000 4.1913  
        dot_product:core/reg(MAC:acc.itm)                                        mgc_reg_pos_8_1_0_0_0_1_1                                                                    0.0000 4.1913  
                                                                                                                                                                                             
      5                                                                          dot_product:core/input_a:rsc:mgc_in_wire.d dot_product:core/reg(output:rsc:mgc_out_stdreg.d) 3.8223 16.1777 
                                                                                                                                                                                             
        Instance                                                                 Component                                                                                    Delta  Delay   
        --------                                                                 ---------                                                                                    -----  -----   
        dot_product:core/input_a:rsc:mgc_in_wire.d                                                                                                                            0.0000 0.0000  
        dot_product:core/MAC-4:mul                                               mgc_mul_8_0_8_0_8                                                                            2.6592 2.6592  
        dot_product:core/MAC-4:mul.itm#1                                                                                                                                      0.0000 2.6592  
        dot_product:core/MAC:mgc_Altera-Cyclone-III-6_beh_psr.mgc_add(8,0,8,0,8) mgc_add_8_0_8_0_8                                                                            1.1631 3.8223  
        dot_product:core/z.out                                                                                                                                                0.0000 3.8223  
        dot_product:core/MAC-5:acc#3                                             mgc_add_8_0_8_0_8                                                                            1.1631 4.9855  
        dot_product:core/MAC-5:acc#3.itm                                                                                                                                      0.0000 4.9855  
        dot_product:core/mux                                                     mgc_mux_8_1_2                                                                                0.3690 5.3544  
        dot_product:core/mux.itm                                                                                                                                              0.0000 5.3544  
        dot_product:core/reg(output:rsc:mgc_out_stdreg.d)                        mgc_reg_pos_8_1_0_0_0_1_1                                                                    0.0000 5.3544  
                                                                                                                                                                                             
      6                                                                          dot_product:core/input_b:rsc:mgc_in_wire.d dot_product:core/reg(output:rsc:mgc_out_stdreg.d) 3.8223 16.1777 
                                                                                                                                                                                             
        Instance                                                                 Component                                                                                    Delta  Delay   
        --------                                                                 ---------                                                                                    -----  -----   
        dot_product:core/input_b:rsc:mgc_in_wire.d                                                                                                                            0.0000 0.0000  
        dot_product:core/MAC-4:mul                                               mgc_mul_8_0_8_0_8                                                                            2.6592 2.6592  
        dot_product:core/MAC-4:mul.itm#1                                                                                                                                      0.0000 2.6592  
        dot_product:core/MAC:mgc_Altera-Cyclone-III-6_beh_psr.mgc_add(8,0,8,0,8) mgc_add_8_0_8_0_8                                                                            1.1631 3.8223  
        dot_product:core/z.out                                                                                                                                                0.0000 3.8223  
        dot_product:core/MAC-5:acc#3                                             mgc_add_8_0_8_0_8                                                                            1.1631 4.9855  
        dot_product:core/MAC-5:acc#3.itm                                                                                                                                      0.0000 4.9855  
        dot_product:core/mux                                                     mgc_mux_8_1_2                                                                                0.3690 5.3544  
        dot_product:core/mux.itm                                                                                                                                              0.0000 5.3544  
        dot_product:core/reg(output:rsc:mgc_out_stdreg.d)                        mgc_reg_pos_8_1_0_0_0_1_1                                                                    0.0000 5.3544  
                                                                                                                                                                                             
      7                                                                          dot_product:core/input_a:rsc:mgc_in_wire.d dot_product:core/reg(MAC-4:mul.itm)               2.6592 17.3408 
                                                                                                                                                                                             
        Instance                                                                 Component                                                                                    Delta  Delay   
        --------                                                                 ---------                                                                                    -----  -----   
        dot_product:core/input_a:rsc:mgc_in_wire.d                                                                                                                            0.0000 0.0000  
        dot_product:core/MAC-4:mul                                               mgc_mul_8_0_8_0_8                                                                            2.6592 2.6592  
        dot_product:core/MAC-4:mul.itm#1                                                                                                                                      0.0000 2.6592  
        dot_product:core/reg(MAC-4:mul.itm)                                      mgc_reg_pos_8_1_0_0_0_1_1                                                                    0.0000 2.6592  
                                                                                                                                                                                             
      8                                                                          dot_product:core/input_b:rsc:mgc_in_wire.d dot_product:core/reg(MAC-4:mul.itm)               2.6592 17.3408 
                                                                                                                                                                                             
        Instance                                                                 Component                                                                                    Delta  Delay   
        --------                                                                 ---------                                                                                    -----  -----   
        dot_product:core/input_b:rsc:mgc_in_wire.d                                                                                                                            0.0000 0.0000  
        dot_product:core/MAC-4:mul                                               mgc_mul_8_0_8_0_8                                                                            2.6592 2.6592  
        dot_product:core/MAC-4:mul.itm#1                                                                                                                                      0.0000 2.6592  
        dot_product:core/reg(MAC-4:mul.itm)                                      mgc_reg_pos_8_1_0_0_0_1_1                                                                    0.0000 2.6592  
                                                                                                                                                                                             
      9                                                                          dot_product:core/reg(MAC:acc#6.itm)        dot_product:core/reg(output:rsc:mgc_out_stdreg.d) 1.5321 18.4679 
                                                                                                                                                                                             
        Instance                                                                 Component                                                                                    Delta  Delay   
        --------                                                                 ---------                                                                                    -----  -----   
        dot_product:core/reg(MAC:acc#6.itm)                                      mgc_reg_pos_8_1_0_0_0_1_1                                                                    0.0000 0.0000  
        dot_product:core/MAC:acc#6.itm                                                                                                                                        0.0000 0.0000  
        dot_product:core/mux#2                                                   mgc_mux_8_1_2                                                                                0.3690 0.3690  
        dot_product:core/mux#2.itm                                                                                                                                            0.0000 0.3690  
        dot_product:core/MAC:mgc_Altera-Cyclone-III-6_beh_psr.mgc_add(8,0,8,0,8) mgc_add_8_0_8_0_8                                                                            1.1631 1.5321  
        dot_product:core/z.out                                                                                                                                                0.0000 1.5321  
        dot_product:core/MAC-5:acc#3                                             mgc_add_8_0_8_0_8                                                                            1.1631 2.6952  
        dot_product:core/MAC-5:acc#3.itm                                                                                                                                      0.0000 2.6952  
        dot_product:core/mux                                                     mgc_mux_8_1_2                                                                                0.3690 3.0642  
        dot_product:core/mux.itm                                                                                                                                              0.0000 3.0642  
        dot_product:core/reg(output:rsc:mgc_out_stdreg.d)                        mgc_reg_pos_8_1_0_0_0_1_1                                                                    0.0000 3.0642  
                                                                                                                                                                                             
      10                                                                         dot_product:core/reg(MAC-4:mul.itm)        dot_product:core/reg(output:rsc:mgc_out_stdreg.d) 1.5321 18.4679 
                                                                                                                                                                                             
        Instance                                                                 Component                                                                                    Delta  Delay   
        --------                                                                 ---------                                                                                    -----  -----   
        dot_product:core/reg(MAC-4:mul.itm)                                      mgc_reg_pos_8_1_0_0_0_1_1                                                                    0.0000 0.0000  
        dot_product:core/MAC-4:mul.itm                                                                                                                                        0.0000 0.0000  
        dot_product:core/mux#2                                                   mgc_mux_8_1_2                                                                                0.3690 0.3690  
        dot_product:core/mux#2.itm                                                                                                                                            0.0000 0.3690  
        dot_product:core/MAC:mgc_Altera-Cyclone-III-6_beh_psr.mgc_add(8,0,8,0,8) mgc_add_8_0_8_0_8                                                                            1.1631 1.5321  
        dot_product:core/z.out                                                                                                                                                0.0000 1.5321  
        dot_product:core/MAC-5:acc#3                                             mgc_add_8_0_8_0_8                                                                            1.1631 2.6952  
        dot_product:core/MAC-5:acc#3.itm                                                                                                                                      0.0000 2.6952  
        dot_product:core/mux                                                     mgc_mux_8_1_2                                                                                0.3690 3.0642  
        dot_product:core/mux.itm                                                                                                                                              0.0000 3.0642  
        dot_product:core/reg(output:rsc:mgc_out_stdreg.d)                        mgc_reg_pos_8_1_0_0_0_1_1                                                                    0.0000 3.0642  
                                                                                                                                                                                             
      
    Register Input and Register-to-Output Slack
      Clock period or pin-to-reg delay constraint (clk): 20.0
      Clock uncertainty constraint (clk)               : 0.0
      
      Instance                                          Port              Slack (Delay) Messages 
      ------------------------------------------------- --------------- ------- ------- --------
      dot_product:core/reg(output:rsc:mgc_out_stdreg.d) mux.itm         14.6456  5.3544          
      dot_product:core/reg(MAC-4:mul.itm)               MAC-4:mul.itm#1 14.6456  5.3544          
      dot_product:core/reg(MAC:acc#6.itm)               z.out           14.6456  5.3544          
      dot_product:core/reg(MAC:acc.itm)                 mux#1.itm       15.8087  4.1913          
      dot_product                                       output:rsc.z    20.0000  0.0000          
      
  Operator Bitwidth Summary
    Operation  Size (bits) Count 
    ---------- ----------- -----
    add                          
    -                    8     2 
    mul                          
    -                    8     1 
    mux                          
    -                    1     3 
    read_port                    
    -                    8     2 
    reg                          
    -                    8     4 
    write_port                   
    -                    8     1 
    
  End of Report
